<?xml version="1.0" encoding="UTF-8"?>
<testsuite name="com.example.servicomp.ExampleUnitTest" tests="1" skipped="0" failures="0" errors="0" timestamp="2024-05-11T11:19:47" hostname="DESKTOP-NP0LAQ7" time="0.006">
  <properties/>
  <testcase name="addition_isCorrect" classname="com.example.servicomp.ExampleUnitTest" time="0.006"/>
  <system-out><![CDATA[]]></system-out>
  <system-err><![CDATA[]]></system-err>
</testsuite>
